<?xml version="1.0" encoding="UTF-8"?>
<!-- Generated by org.testng.reporters.JUnitXMLReporter -->
<testsuite hostname="Sony-PC" ignored="0" name="Test" tests="5" failures="0" timestamp="21 Mar 2017 01:46:43 GMT" time="95.471" errors="0">
  <testcase name="testVerifyLoginLogout" time="31.242" classname="script.VerifyLoginLogout"/>
  <testcase name="testVerifyLoginPage" time="11.578" classname="script.VerifyLoginPage"/>
  <testcase name="verifytest" time="16.135" classname="script.Demo"/>
  <testcase name="testVerifyVersion" time="1.513" classname="script.VerifyVersion"/>
  <testcase name="testVerifyInvalidLogin" time="6.759" classname="script.VerifyInvalidLogin"/>
</testsuite> <!-- Test -->
